[0m12:36:20.834668 [debug] [MainThread]: Sending event: {'category': 'dbt', 'action': 'invocation', 'label': 'start', 'context': [<snowplow_tracker.self_describing_json.SelfDescribingJson object at 0x0000015A842957F0>, <snowplow_tracker.self_describing_json.SelfDescribingJson object at 0x0000015A87F0E6C0>, <snowplow_tracker.self_describing_json.SelfDescribingJson object at 0x0000015A87550CB0>]}


============================== 12:36:20.892691 | 68ba85b0-daef-4886-987e-e7f7305526c8 ==============================
[0m12:36:20.892691 [info ] [MainThread]: Running with dbt=1.10.13
[0m12:36:20.893695 [debug] [MainThread]: running dbt with arguments {'invocation_command': 'dbt init', 'no_print': 'None', 'printer_width': '80', 'write_json': 'True', 'log_format': 'default', 'warn_error': 'None', 'static_parser': 'True', 'partial_parse': 'True', 'indirect_selection': 'eager', 'send_anonymous_usage_stats': 'True', 'fail_fast': 'False', 'warn_error_options': 'WarnErrorOptionsV2(error=[], warn=[], silence=[])', 'log_path': 'logs', 'use_experimental_parser': 'False', 'version_check': 'True', 'quiet': 'False', 'introspect': 'True', 'empty': 'None', 'log_cache_events': 'False', 'debug': 'False', 'profiles_dir': 'C:\\Users\\jayan\\.dbt', 'use_colors': 'True', 'cache_selected_only': 'False', 'target_path': 'None'}
[0m12:36:21.025139 [info ] [MainThread]: Creating dbt configuration folder at C:\Users\jayan\.dbt
[0m12:36:36.773154 [debug] [MainThread]: Starter project path: C:\DBT\.venv\Lib\site-packages\dbt\include\starter_project
[0m12:36:36.825761 [info ] [MainThread]: 
Your new dbt project "jayana_dbt_tutorial" was created!

For more information on how to configure the profiles.yml file,
please consult the dbt documentation here:

  https://docs.getdbt.com/docs/configure-your-profile

One more thing:

Need help? Don't hesitate to reach out to us via GitHub issues or on Slack:

  https://community.getdbt.com/

Happy modeling!

[0m12:36:36.825761 [info ] [MainThread]: Setting up your profile.
[0m12:37:14.543881 [debug] [MainThread]: Spark adapter: Setting pyhive.hive logging to ERROR
[0m12:37:14.544881 [debug] [MainThread]: Spark adapter: Setting thrift.transport logging to ERROR
[0m12:37:14.544881 [debug] [MainThread]: Spark adapter: Setting thrift.protocol logging to ERROR
[0m12:41:56.182601 [info ] [MainThread]: Profile jayana_dbt_tutorial written to C:\Users\jayan\.dbt\profiles.yml using target's profile_template.yml and your supplied values. Run 'dbt debug' to validate the connection.
[0m12:41:56.186215 [debug] [MainThread]: Command `dbt init` succeeded at 12:41:56.186215 after 335.53 seconds
[0m12:41:56.186215 [debug] [MainThread]: Sending event: {'category': 'dbt', 'action': 'invocation', 'label': 'end', 'context': [<snowplow_tracker.self_describing_json.SelfDescribingJson object at 0x0000015AABA681A0>, <snowplow_tracker.self_describing_json.SelfDescribingJson object at 0x0000015AABE3B530>, <snowplow_tracker.self_describing_json.SelfDescribingJson object at 0x0000015AABD1B5F0>]}
[0m12:41:56.187325 [debug] [MainThread]: Flushing usage events
[0m12:41:57.216097 [debug] [MainThread]: An error was encountered while trying to flush usage events
[0m12:42:20.358021 [debug] [MainThread]: Sending event: {'category': 'dbt', 'action': 'invocation', 'label': 'start', 'context': [<snowplow_tracker.self_describing_json.SelfDescribingJson object at 0x000001DC3D7579E0>, <snowplow_tracker.self_describing_json.SelfDescribingJson object at 0x000001DC395D5970>, <snowplow_tracker.self_describing_json.SelfDescribingJson object at 0x000001DC3D681400>]}


============================== 12:42:20.373142 | 8e60f879-cb37-40c3-9c04-f6454093de80 ==============================
[0m12:42:20.373142 [info ] [MainThread]: Running with dbt=1.10.13
[0m12:42:20.374143 [debug] [MainThread]: running dbt with arguments {'no_print': 'None', 'log_format': 'default', 'target_path': 'None', 'invocation_command': 'dbt debug', 'cache_selected_only': 'False', 'warn_error': 'None', 'static_parser': 'True', 'partial_parse': 'True', 'indirect_selection': 'eager', 'send_anonymous_usage_stats': 'True', 'log_path': 'logs', 'warn_error_options': 'WarnErrorOptionsV2(error=[], warn=[], silence=[])', 'fail_fast': 'False', 'version_check': 'True', 'use_experimental_parser': 'False', 'quiet': 'False', 'introspect': 'True', 'empty': 'None', 'log_cache_events': 'False', 'debug': 'False', 'profiles_dir': 'C:\\Users\\jayan\\.dbt', 'use_colors': 'True', 'printer_width': '80', 'write_json': 'True'}
[0m12:42:20.684397 [info ] [MainThread]: dbt version: 1.10.13
[0m12:42:20.685398 [info ] [MainThread]: python version: 3.12.10
[0m12:42:20.685914 [info ] [MainThread]: python path: C:\DBT\.venv\Scripts\python.exe
[0m12:42:20.685914 [info ] [MainThread]: os info: Windows-11-10.0.26200-SP0
[0m12:42:28.025034 [debug] [MainThread]: Spark adapter: Setting pyhive.hive logging to ERROR
[0m12:42:28.026058 [debug] [MainThread]: Spark adapter: Setting thrift.transport logging to ERROR
[0m12:42:28.026058 [debug] [MainThread]: Spark adapter: Setting thrift.protocol logging to ERROR
[0m12:42:43.275560 [info ] [MainThread]: Using profiles dir at C:\Users\jayan\.dbt
[0m12:42:43.276577 [info ] [MainThread]: Using profiles.yml file at C:\Users\jayan\.dbt\profiles.yml
[0m12:42:43.277460 [info ] [MainThread]: Using dbt_project.yml file at C:\DBT\dbt_project.yml
[0m12:42:43.277460 [info ] [MainThread]: adapter type: databricks
[0m12:42:43.278460 [info ] [MainThread]: adapter version: 1.10.14
[0m12:42:43.279501 [info ] [MainThread]: Configuration:
[0m12:42:43.280458 [info ] [MainThread]:   profiles.yml file [[32mOK found and valid[0m]
[0m12:42:43.280458 [info ] [MainThread]:   dbt_project.yml file [[31mERROR not found[0m]
[0m12:42:43.281496 [info ] [MainThread]: Required dependencies:
[0m12:42:43.281496 [debug] [MainThread]: Executing "git --help"
[0m12:42:43.355151 [debug] [MainThread]: STDOUT: "b"usage: git [-v | --version] [-h | --help] [-C <path>] [-c <name>=<value>]\n           [--exec-path[=<path>]] [--html-path] [--man-path] [--info-path]\n           [-p | --paginate | -P | --no-pager] [--no-replace-objects] [--bare]\n           [--git-dir=<path>] [--work-tree=<path>] [--namespace=<name>]\n           [--config-env=<name>=<envvar>] <command> [<args>]\n\nThese are common Git commands used in various situations:\n\nstart a working area (see also: git help tutorial)\n   clone     Clone a repository into a new directory\n   init      Create an empty Git repository or reinitialize an existing one\n\nwork on the current change (see also: git help everyday)\n   add       Add file contents to the index\n   mv        Move or rename a file, a directory, or a symlink\n   restore   Restore working tree files\n   rm        Remove files from the working tree and from the index\n\nexamine the history and state (see also: git help revisions)\n   bisect    Use binary search to find the commit that introduced a bug\n   diff      Show changes between commits, commit and working tree, etc\n   grep      Print lines matching a pattern\n   log       Show commit logs\n   show      Show various types of objects\n   status    Show the working tree status\n\ngrow, mark and tweak your common history\n   branch    List, create, or delete branches\n   commit    Record changes to the repository\n   merge     Join two or more development histories together\n   rebase    Reapply commits on top of another base tip\n   reset     Reset current HEAD to the specified state\n   switch    Switch branches\n   tag       Create, list, delete or verify a tag object signed with GPG\n\ncollaborate (see also: git help workflows)\n   fetch     Download objects and refs from another repository\n   pull      Fetch from and integrate with another repository or a local branch\n   push      Update remote refs along with associated objects\n\n'git help -a' and 'git help -g' list available subcommands and some\nconcept guides. See 'git help <command>' or 'git help <concept>'\nto read about a specific subcommand or concept.\nSee 'git help git' for an overview of the system.\n""
[0m12:42:43.356153 [debug] [MainThread]: STDERR: "b''"
[0m12:42:43.357146 [info ] [MainThread]:  - git [[32mOK found[0m]

[0m12:42:43.359146 [info ] [MainThread]: Connection:
[0m12:42:43.360148 [info ] [MainThread]:   host: dbc-d3a2313e-5682.cloud.databricks.com
[0m12:42:43.360148 [info ] [MainThread]:   http_path: /sql/1.0/warehouses/d40e3b07ecd461d7
[0m12:42:43.361177 [info ] [MainThread]:   catalog: dbt_tutorial
[0m12:42:43.361177 [info ] [MainThread]:   schema: default
[0m12:42:43.362159 [info ] [MainThread]: Registered adapter: databricks=1.10.14
[0m12:42:43.835978 [debug] [MainThread]: Databricks adapter: DatabricksDBTConnection(session-id=None, name=debug) - Creating connection
[0m12:42:43.835978 [debug] [MainThread]: Acquiring new databricks connection 'debug'
[0m12:42:43.835978 [debug] [MainThread]: Using databricks connection "debug"
[0m12:42:43.835978 [debug] [MainThread]: On debug: select 1 as id
[0m12:42:43.837307 [debug] [MainThread]: Opening a new connection, currently in state init
[0m12:42:44.685587 [debug] [MainThread]: Databricks adapter: Connection(session-id=01f0b64e-b752-142e-96bf-9d79f316da91) - Created
[0m12:42:45.090796 [debug] [MainThread]: SQL status: OK in 1.250 seconds
[0m12:42:45.091797 [debug] [MainThread]: Databricks adapter: Cursor(session-id=01f0b64e-b752-142e-96bf-9d79f316da91, command-id=01f0b64e-b76c-1c0e-8e90-072a966a6eb4) - Closing
[0m12:42:45.092796 [debug] [MainThread]: On debug: Close
[0m12:42:45.092796 [debug] [MainThread]: Databricks adapter: Connection(session-id=01f0b64e-b752-142e-96bf-9d79f316da91) - Closing
[0m12:42:45.287601 [info ] [MainThread]:   Connection test: [[32mOK connection ok[0m]

[0m12:42:45.289497 [info ] [MainThread]: [31m1 check failed:[0m
[0m12:42:45.290492 [info ] [MainThread]: Project loading failed for the following reason:
 project path <C:\DBT\dbt_project.yml> not found

[0m12:42:45.291493 [debug] [MainThread]: Command `dbt debug` failed at 12:42:45.291493 after 25.11 seconds
[0m12:42:45.292495 [debug] [MainThread]: Sending event: {'category': 'dbt', 'action': 'invocation', 'label': 'end', 'context': [<snowplow_tracker.self_describing_json.SelfDescribingJson object at 0x000001DC3D58D970>, <snowplow_tracker.self_describing_json.SelfDescribingJson object at 0x000001DC3D786CC0>, <snowplow_tracker.self_describing_json.SelfDescribingJson object at 0x000001DC3D784FB0>]}
[0m12:42:45.292495 [debug] [MainThread]: Flushing usage events
[0m12:42:46.237369 [debug] [MainThread]: An error was encountered while trying to flush usage events
