[0m12:43:45.192519 [debug] [MainThread]: Sending event: {'category': 'dbt', 'action': 'invocation', 'label': 'start', 'context': [<snowplow_tracker.self_describing_json.SelfDescribingJson object at 0x000001E3F1E98410>, <snowplow_tracker.self_describing_json.SelfDescribingJson object at 0x000001E3F5D53A40>, <snowplow_tracker.self_describing_json.SelfDescribingJson object at 0x000001E3F5D511F0>]}


============================== 12:43:45.205900 | 07e8090c-ed46-4787-b1f4-d69e5a8d83e2 ==============================
[0m12:43:45.205900 [info ] [MainThread]: Running with dbt=1.10.13
[0m12:43:45.207409 [debug] [MainThread]: running dbt with arguments {'printer_width': '80', 'invocation_command': 'dbt debug', 'log_format': 'default', 'profiles_dir': 'C:\\Users\\jayan\\.dbt', 'target_path': 'None', 'warn_error': 'None', 'log_path': 'C:\\DBT\\jayana_dbt_tutorial\\logs', 'partial_parse': 'True', 'indirect_selection': 'eager', 'send_anonymous_usage_stats': 'True', 'fail_fast': 'False', 'warn_error_options': 'WarnErrorOptionsV2(error=[], warn=[], silence=[])', 'static_parser': 'True', 'use_experimental_parser': 'False', 'version_check': 'True', 'quiet': 'False', 'introspect': 'True', 'empty': 'None', 'log_cache_events': 'False', 'debug': 'False', 'no_print': 'None', 'use_colors': 'True', 'cache_selected_only': 'False', 'write_json': 'True'}
[0m12:43:45.256492 [info ] [MainThread]: dbt version: 1.10.13
[0m12:43:45.257500 [info ] [MainThread]: python version: 3.12.10
[0m12:43:45.257500 [info ] [MainThread]: python path: C:\DBT\.venv\Scripts\python.exe
[0m12:43:45.258549 [info ] [MainThread]: os info: Windows-11-10.0.26200-SP0
[0m12:43:46.181107 [debug] [MainThread]: Spark adapter: Setting pyhive.hive logging to ERROR
[0m12:43:46.181107 [debug] [MainThread]: Spark adapter: Setting thrift.transport logging to ERROR
[0m12:43:46.182107 [debug] [MainThread]: Spark adapter: Setting thrift.protocol logging to ERROR
[0m12:43:46.877033 [info ] [MainThread]: Using profiles dir at C:\Users\jayan\.dbt
[0m12:43:46.878033 [info ] [MainThread]: Using profiles.yml file at C:\Users\jayan\.dbt\profiles.yml
[0m12:43:46.879014 [info ] [MainThread]: Using dbt_project.yml file at C:\DBT\jayana_dbt_tutorial\dbt_project.yml
[0m12:43:46.880016 [info ] [MainThread]: adapter type: databricks
[0m12:43:46.880016 [info ] [MainThread]: adapter version: 1.10.14
[0m12:43:46.983100 [info ] [MainThread]: Configuration:
[0m12:43:46.984152 [info ] [MainThread]:   profiles.yml file [[32mOK found and valid[0m]
[0m12:43:46.985836 [info ] [MainThread]:   dbt_project.yml file [[32mOK found and valid[0m]
[0m12:43:46.985836 [info ] [MainThread]: Required dependencies:
[0m12:43:46.986839 [debug] [MainThread]: Executing "git --help"
[0m12:43:47.039715 [debug] [MainThread]: STDOUT: "b"usage: git [-v | --version] [-h | --help] [-C <path>] [-c <name>=<value>]\n           [--exec-path[=<path>]] [--html-path] [--man-path] [--info-path]\n           [-p | --paginate | -P | --no-pager] [--no-replace-objects] [--bare]\n           [--git-dir=<path>] [--work-tree=<path>] [--namespace=<name>]\n           [--config-env=<name>=<envvar>] <command> [<args>]\n\nThese are common Git commands used in various situations:\n\nstart a working area (see also: git help tutorial)\n   clone     Clone a repository into a new directory\n   init      Create an empty Git repository or reinitialize an existing one\n\nwork on the current change (see also: git help everyday)\n   add       Add file contents to the index\n   mv        Move or rename a file, a directory, or a symlink\n   restore   Restore working tree files\n   rm        Remove files from the working tree and from the index\n\nexamine the history and state (see also: git help revisions)\n   bisect    Use binary search to find the commit that introduced a bug\n   diff      Show changes between commits, commit and working tree, etc\n   grep      Print lines matching a pattern\n   log       Show commit logs\n   show      Show various types of objects\n   status    Show the working tree status\n\ngrow, mark and tweak your common history\n   branch    List, create, or delete branches\n   commit    Record changes to the repository\n   merge     Join two or more development histories together\n   rebase    Reapply commits on top of another base tip\n   reset     Reset current HEAD to the specified state\n   switch    Switch branches\n   tag       Create, list, delete or verify a tag object signed with GPG\n\ncollaborate (see also: git help workflows)\n   fetch     Download objects and refs from another repository\n   pull      Fetch from and integrate with another repository or a local branch\n   push      Update remote refs along with associated objects\n\n'git help -a' and 'git help -g' list available subcommands and some\nconcept guides. See 'git help <command>' or 'git help <concept>'\nto read about a specific subcommand or concept.\nSee 'git help git' for an overview of the system.\n""
[0m12:43:47.041059 [debug] [MainThread]: STDERR: "b''"
[0m12:43:47.041059 [info ] [MainThread]:  - git [[32mOK found[0m]

[0m12:43:47.041955 [info ] [MainThread]: Connection:
[0m12:43:47.042955 [info ] [MainThread]:   host: dbc-d3a2313e-5682.cloud.databricks.com
[0m12:43:47.043954 [info ] [MainThread]:   http_path: /sql/1.0/warehouses/d40e3b07ecd461d7
[0m12:43:47.043954 [info ] [MainThread]:   catalog: dbt_tutorial
[0m12:43:47.044459 [info ] [MainThread]:   schema: default
[0m12:43:47.045465 [info ] [MainThread]: Registered adapter: databricks=1.10.14
[0m12:43:47.551583 [debug] [MainThread]: Databricks adapter: DatabricksDBTConnection(session-id=None, name=debug) - Creating connection
[0m12:43:47.551583 [debug] [MainThread]: Acquiring new databricks connection 'debug'
[0m12:43:47.551583 [debug] [MainThread]: Using databricks connection "debug"
[0m12:43:47.552587 [debug] [MainThread]: On debug: select 1 as id
[0m12:43:47.552587 [debug] [MainThread]: Opening a new connection, currently in state init
[0m12:43:48.264087 [debug] [MainThread]: Databricks adapter: Connection(session-id=01f0b64e-dd38-169c-b0db-4198af75a5df) - Created
[0m12:43:48.580475 [debug] [MainThread]: SQL status: OK in 1.030 seconds
[0m12:43:48.588191 [debug] [MainThread]: Databricks adapter: Cursor(session-id=01f0b64e-dd38-169c-b0db-4198af75a5df, command-id=01f0b64e-dd54-16ba-a030-733d456739ba) - Closing
[0m12:43:48.590302 [debug] [MainThread]: On debug: Close
[0m12:43:48.593196 [debug] [MainThread]: Databricks adapter: Connection(session-id=01f0b64e-dd38-169c-b0db-4198af75a5df) - Closing
[0m12:43:48.777579 [info ] [MainThread]:   Connection test: [[32mOK connection ok[0m]

[0m12:43:48.778869 [info ] [MainThread]: [32mAll checks passed![0m
[0m12:43:48.780855 [debug] [MainThread]: Command `dbt debug` succeeded at 12:43:48.780855 after 3.84 seconds
[0m12:43:48.780855 [debug] [MainThread]: Sending event: {'category': 'dbt', 'action': 'invocation', 'label': 'end', 'context': [<snowplow_tracker.self_describing_json.SelfDescribingJson object at 0x000001E3F1D80F50>, <snowplow_tracker.self_describing_json.SelfDescribingJson object at 0x000001E3F51A9D00>, <snowplow_tracker.self_describing_json.SelfDescribingJson object at 0x000001E3F51AACF0>]}
[0m12:43:48.781847 [debug] [MainThread]: Flushing usage events
[0m12:43:49.815082 [debug] [MainThread]: An error was encountered while trying to flush usage events
[0m12:54:12.317674 [debug] [MainThread]: Sending event: {'category': 'dbt', 'action': 'invocation', 'label': 'start', 'context': [<snowplow_tracker.self_describing_json.SelfDescribingJson object at 0x00000293F9050AA0>, <snowplow_tracker.self_describing_json.SelfDescribingJson object at 0x00000293F93C5580>, <snowplow_tracker.self_describing_json.SelfDescribingJson object at 0x00000293FB788FB0>]}


============================== 12:54:12.324193 | 8f9a0db4-7a28-4370-93dc-73f826b73398 ==============================
[0m12:54:12.324193 [info ] [MainThread]: Running with dbt=1.10.13
[0m12:54:12.325205 [debug] [MainThread]: running dbt with arguments {'no_print': 'None', 'use_colors': 'True', 'target_path': 'None', 'profiles_dir': 'C:\\Users\\jayan\\.dbt', 'printer_width': '80', 'warn_error': 'None', 'static_parser': 'True', 'fail_fast': 'False', 'indirect_selection': 'eager', 'send_anonymous_usage_stats': 'True', 'log_path': 'c:\\DBT\\jayana_dbt_tutorial\\logs', 'warn_error_options': 'WarnErrorOptionsV2(error=[], warn=[], silence=[])', 'partial_parse': 'True', 'use_experimental_parser': 'False', 'version_check': 'True', 'introspect': 'True', 'quiet': 'False', 'empty': 'None', 'log_cache_events': 'False', 'debug': 'False', 'log_format': 'default', 'invocation_command': 'dbt ', 'cache_selected_only': 'False', 'write_json': 'True'}
[0m12:54:12.481340 [debug] [MainThread]: Sending event: {'category': 'dbt', 'action': 'project_id', 'label': '8f9a0db4-7a28-4370-93dc-73f826b73398', 'context': [<snowplow_tracker.self_describing_json.SelfDescribingJson object at 0x00000293FBCFCFB0>]}
[0m12:54:12.754876 [info ] [MainThread]: Warning: No packages were found in packages.yml
[0m12:54:12.755881 [info ] [MainThread]: Warning: No packages were found in packages.yml
[0m12:54:12.757882 [debug] [MainThread]: Command `cli deps` succeeded at 12:54:12.756884 after 0.61 seconds
[0m12:54:12.757882 [debug] [MainThread]: Sending event: {'category': 'dbt', 'action': 'invocation', 'label': 'end', 'context': [<snowplow_tracker.self_describing_json.SelfDescribingJson object at 0x00000293FBE8AD20>, <snowplow_tracker.self_describing_json.SelfDescribingJson object at 0x00000293FBEEBB00>, <snowplow_tracker.self_describing_json.SelfDescribingJson object at 0x00000293FB788FB0>]}
[0m12:54:12.757882 [debug] [MainThread]: Flushing usage events
[0m12:54:13.720932 [debug] [MainThread]: An error was encountered while trying to flush usage events
[0m13:42:29.047298 [debug] [MainThread]: Sending event: {'category': 'dbt', 'action': 'invocation', 'label': 'start', 'context': [<snowplow_tracker.self_describing_json.SelfDescribingJson object at 0x0000021B8ED07470>, <snowplow_tracker.self_describing_json.SelfDescribingJson object at 0x0000021B8ECAAB70>, <snowplow_tracker.self_describing_json.SelfDescribingJson object at 0x0000021B908C0D70>]}


============================== 13:42:29.052710 | 061301d2-7ed3-463d-b392-edd6f07b845e ==============================
[0m13:42:29.052710 [info ] [MainThread]: Running with dbt=1.10.13
[0m13:42:29.054019 [debug] [MainThread]: running dbt with arguments {'log_format': 'default', 'target_path': 'None', 'cache_selected_only': 'False', 'no_print': 'None', 'use_colors': 'True', 'warn_error': 'None', 'static_parser': 'True', 'fail_fast': 'False', 'log_path': 'C:\\DBT\\jayana_dbt_tutorial\\logs', 'send_anonymous_usage_stats': 'True', 'indirect_selection': 'eager', 'warn_error_options': 'WarnErrorOptionsV2(error=[], warn=[], silence=[])', 'partial_parse': 'True', 'version_check': 'True', 'use_experimental_parser': 'False', 'introspect': 'True', 'quiet': 'False', 'empty': 'False', 'log_cache_events': 'False', 'debug': 'False', 'profiles_dir': 'C:\\DBT\\jayana_dbt_tutorial', 'invocation_command': 'dbt run', 'printer_width': '80', 'write_json': 'True'}
[0m13:42:29.981666 [debug] [MainThread]: Spark adapter: Setting pyhive.hive logging to ERROR
[0m13:42:29.982812 [debug] [MainThread]: Spark adapter: Setting thrift.transport logging to ERROR
[0m13:42:29.982812 [debug] [MainThread]: Spark adapter: Setting thrift.protocol logging to ERROR
[0m13:42:30.902863 [debug] [MainThread]: Sending event: {'category': 'dbt', 'action': 'project_id', 'label': '061301d2-7ed3-463d-b392-edd6f07b845e', 'context': [<snowplow_tracker.self_describing_json.SelfDescribingJson object at 0x0000021BB2A75400>]}
[0m13:42:30.966918 [debug] [MainThread]: Sending event: {'category': 'dbt', 'action': 'adapter_info', 'label': '061301d2-7ed3-463d-b392-edd6f07b845e', 'context': [<snowplow_tracker.self_describing_json.SelfDescribingJson object at 0x0000021B901CBC20>]}
[0m13:42:30.967907 [info ] [MainThread]: Registered adapter: databricks=1.10.14
[0m13:42:31.429910 [debug] [MainThread]: checksum: 9f0c81e2574b4ff463f3d16d080df83c6982fc0372c9feeacae0504ac9ea3ffe, vars: {}, profile: , target: , version: 1.10.13
[0m13:42:31.601406 [debug] [MainThread]: Partial parsing enabled: 0 files deleted, 0 files added, 0 files changed.
[0m13:42:31.602743 [debug] [MainThread]: Partial parsing enabled, no changes found, skipping parsing
[0m13:42:31.609694 [warn ] [MainThread]: [[33mWARNING[0m]: Configuration paths exist in your dbt_project.yml file which do not apply to any resources.
There are 1 unused configuration paths:
- models.jayana_dbt_tutorial.bronze
[0m13:42:31.636765 [debug] [MainThread]: Sending event: {'category': 'dbt', 'action': 'load_project', 'label': '061301d2-7ed3-463d-b392-edd6f07b845e', 'context': [<snowplow_tracker.self_describing_json.SelfDescribingJson object at 0x0000021BB2A551F0>]}
[0m13:42:31.705300 [debug] [MainThread]: Wrote artifact WritableManifest to C:\DBT\jayana_dbt_tutorial\target\manifest.json
[0m13:42:31.754735 [debug] [MainThread]: Wrote artifact SemanticManifest to C:\DBT\jayana_dbt_tutorial\target\semantic_manifest.json
[0m13:42:31.815520 [debug] [MainThread]: Sending event: {'category': 'dbt', 'action': 'resource_counts', 'label': '061301d2-7ed3-463d-b392-edd6f07b845e', 'context': [<snowplow_tracker.self_describing_json.SelfDescribingJson object at 0x0000021BB2CABE60>]}
[0m13:42:31.815520 [info ] [MainThread]: Found 6 models, 6 sources, 699 macros
[0m13:42:31.816580 [debug] [MainThread]: Sending event: {'category': 'dbt', 'action': 'runnable_timing', 'label': '061301d2-7ed3-463d-b392-edd6f07b845e', 'context': [<snowplow_tracker.self_describing_json.SelfDescribingJson object at 0x0000021BB291E060>]}
[0m13:42:31.819576 [info ] [MainThread]: 
[0m13:42:31.819576 [info ] [MainThread]: Concurrency: 1 threads (target='dev')
[0m13:42:31.819576 [info ] [MainThread]: 
[0m13:42:31.821144 [debug] [MainThread]: Databricks adapter: DatabricksDBTConnection(session-id=None, name=master) - Creating connection
[0m13:42:31.821144 [debug] [MainThread]: Acquiring new databricks connection 'master'
[0m13:42:31.831083 [debug] [ThreadPool]: Databricks adapter: DatabricksDBTConnection(session-id=None, name=list_dbt_tutorial) - Creating connection
[0m13:42:31.832102 [debug] [ThreadPool]: Acquiring new databricks connection 'list_dbt_tutorial'
[0m13:42:31.846591 [debug] [ThreadPool]: Using databricks connection "list_dbt_tutorial"
[0m13:42:31.847619 [debug] [ThreadPool]: On list_dbt_tutorial: /* {"app": "dbt", "dbt_version": "1.10.13", "dbt_databricks_version": "1.10.14", "databricks_sql_connector_version": "4.0.5", "profile_name": "jayana_dbt_tutorial", "target_name": "dev", "connection_name": "list_dbt_tutorial"} */

    show databases
  
[0m13:42:31.847619 [debug] [ThreadPool]: Opening a new connection, currently in state init
[0m13:42:39.441309 [debug] [ThreadPool]: Databricks adapter: Connection(session-id=01f0b657-15f5-1a57-a88e-25600686fdda) - Created
[0m13:42:45.831028 [debug] [ThreadPool]: SQL status: OK in 13.980 seconds
[0m13:42:45.837270 [debug] [ThreadPool]: Databricks adapter: Cursor(session-id=01f0b657-15f5-1a57-a88e-25600686fdda, command-id=01f0b657-198a-174c-886a-0b9fa665a224) - Closing
[0m13:42:45.838263 [debug] [ThreadPool]: On list_dbt_tutorial: Close
[0m13:42:45.838263 [debug] [ThreadPool]: Databricks adapter: Connection(session-id=01f0b657-15f5-1a57-a88e-25600686fdda) - Closing
[0m13:42:45.999468 [debug] [ThreadPool]: Databricks adapter: DatabricksDBTConnection(session-id=None, name=list_dbt_tutorial_default) - Creating connection
[0m13:42:45.999468 [debug] [ThreadPool]: Acquiring new databricks connection 'list_dbt_tutorial_default'
[0m13:42:46.007639 [debug] [ThreadPool]: Using databricks connection "list_dbt_tutorial_default"
[0m13:42:46.007639 [debug] [ThreadPool]: On list_dbt_tutorial_default: /* {"app": "dbt", "dbt_version": "1.10.13", "dbt_databricks_version": "1.10.14", "databricks_sql_connector_version": "4.0.5", "profile_name": "jayana_dbt_tutorial", "target_name": "dev", "connection_name": "list_dbt_tutorial_default"} */

    
SELECT
  table_name,
  if(table_type IN ('EXTERNAL', 'MANAGED', 'MANAGED_SHALLOW_CLONE', 'EXTERNAL_SHALLOW_CLONE'), 'table', lower(table_type)) AS table_type,
  lower(data_source_format) AS file_format,
  table_owner,
  if(
    table_type IN (
      'EXTERNAL',
      'MANAGED',
      'MANAGED_SHALLOW_CLONE',
      'EXTERNAL_SHALLOW_CLONE'
    ),
    lower(table_type),
    NULL
  ) AS databricks_table_type
FROM `system`.`information_schema`.`tables`
WHERE table_catalog = 'dbt_tutorial' 
  AND table_schema = 'default'

  
[0m13:42:46.008624 [debug] [ThreadPool]: Opening a new connection, currently in state init
[0m13:42:57.516830 [debug] [ThreadPool]: Databricks adapter: Connection(session-id=01f0b657-20bf-12b6-8ea4-2ae71146c15e) - Created
[0m13:42:58.498930 [debug] [ThreadPool]: SQL status: OK in 12.490 seconds
[0m13:42:58.510040 [debug] [ThreadPool]: Databricks adapter: Cursor(session-id=01f0b657-20bf-12b6-8ea4-2ae71146c15e, command-id=01f0b657-20dc-1df8-a64d-7e38f88e9740) - Closing
[0m13:42:58.511565 [debug] [ThreadPool]: On list_dbt_tutorial_default: Close
[0m13:42:58.512585 [debug] [ThreadPool]: Databricks adapter: Connection(session-id=01f0b657-20bf-12b6-8ea4-2ae71146c15e) - Closing
[0m13:42:58.697160 [debug] [MainThread]: Sending event: {'category': 'dbt', 'action': 'runnable_timing', 'label': '061301d2-7ed3-463d-b392-edd6f07b845e', 'context': [<snowplow_tracker.self_describing_json.SelfDescribingJson object at 0x0000021BB2B11400>]}
[0m13:42:58.752482 [debug] [Thread-1 (]: Began running node model.jayana_dbt_tutorial.bronze_customer
[0m13:42:58.753251 [info ] [Thread-1 (]: 1 of 6 START sql view model default.bronze_customer ............................ [RUN]
[0m13:42:58.755838 [debug] [Thread-1 (]: Databricks adapter: DatabricksDBTConnection(session-id=None, name=model.jayana_dbt_tutorial.bronze_customer) - Creating connection
[0m13:42:58.757823 [debug] [Thread-1 (]: Acquiring new databricks connection 'model.jayana_dbt_tutorial.bronze_customer'
[0m13:42:58.758901 [debug] [Thread-1 (]: Began compiling node model.jayana_dbt_tutorial.bronze_customer
[0m13:42:58.768407 [debug] [Thread-1 (]: Writing injected SQL for node "model.jayana_dbt_tutorial.bronze_customer"
[0m13:42:58.771411 [debug] [Thread-1 (]: Began executing node model.jayana_dbt_tutorial.bronze_customer
[0m13:42:58.792158 [debug] [Thread-1 (]: MATERIALIZING VIEW
[0m13:42:58.794157 [warn ] [Thread-1 (]: [[33mWARNING[0m]: Use revamped materializations based on separating create and insert.  This allows more performant column comments, as well as new column features.
You may opt into the new behavior sooner by setting `flags.use_materialization_v2` to `True` in `dbt_project.yml`.
Visit https://docs.getdbt.com/reference/global-configs/behavior-changes for more information.
[0m13:42:58.795142 [debug] [Thread-1 (]: Sending event: {'category': 'dbt', 'action': 'BehaviorChangeEvent', 'label': '061301d2-7ed3-463d-b392-edd6f07b845e', 'context': [<snowplow_tracker.self_describing_json.SelfDescribingJson object at 0x0000021BB4090BC0>]}
[0m13:42:58.811045 [debug] [Thread-1 (]: Creating view `dbt_tutorial`.`default`.`bronze_customer`
[0m13:42:58.822611 [debug] [Thread-1 (]: Writing runtime sql for node "model.jayana_dbt_tutorial.bronze_customer"
[0m13:42:58.826611 [debug] [Thread-1 (]: Using databricks connection "model.jayana_dbt_tutorial.bronze_customer"
[0m13:42:58.827611 [debug] [Thread-1 (]: On model.jayana_dbt_tutorial.bronze_customer: /* {"app": "dbt", "dbt_version": "1.10.13", "dbt_databricks_version": "1.10.14", "databricks_sql_connector_version": "4.0.5", "profile_name": "jayana_dbt_tutorial", "target_name": "dev", "node_id": "model.jayana_dbt_tutorial.bronze_customer"} */

  
  
  create or replace view `dbt_tutorial`.`default`.`bronze_customer`
  
  as (
    SELECT 
    *
FROM 
    `dbt_tutorial`.`source`.`dim_customer`
  )

[0m13:42:58.828636 [debug] [Thread-1 (]: Opening a new connection, currently in state init
[0m13:42:59.517058 [debug] [Thread-1 (]: Databricks adapter: Connection(session-id=01f0b657-21ea-1115-871c-dac751602727) - Created
[0m13:43:00.467208 [debug] [Thread-1 (]: SQL status: OK in 1.640 seconds
[0m13:43:00.469207 [debug] [Thread-1 (]: Databricks adapter: Cursor(session-id=01f0b657-21ea-1115-871c-dac751602727, command-id=01f0b657-2208-199a-b6e0-a9b16af9b829) - Closing
[0m13:43:00.507737 [debug] [Thread-1 (]: Applying tags to relation None
[0m13:43:00.513048 [debug] [Thread-1 (]: On model.jayana_dbt_tutorial.bronze_customer: Close
[0m13:43:00.514047 [debug] [Thread-1 (]: Databricks adapter: Connection(session-id=01f0b657-21ea-1115-871c-dac751602727) - Closing
[0m13:43:00.756159 [debug] [Thread-1 (]: Sending event: {'category': 'dbt', 'action': 'run_model', 'label': '061301d2-7ed3-463d-b392-edd6f07b845e', 'context': [<snowplow_tracker.self_describing_json.SelfDescribingJson object at 0x0000021B8ED041A0>]}
[0m13:43:00.757164 [info ] [Thread-1 (]: 1 of 6 OK created sql view model default.bronze_customer ....................... [[32mOK[0m in 1.98s]
[0m13:43:00.758158 [debug] [Thread-1 (]: Finished running node model.jayana_dbt_tutorial.bronze_customer
[0m13:43:00.758158 [debug] [Thread-1 (]: Began running node model.jayana_dbt_tutorial.bronze_date
[0m13:43:00.759162 [info ] [Thread-1 (]: 2 of 6 START sql view model default.bronze_date ................................ [RUN]
[0m13:43:00.760177 [debug] [Thread-1 (]: Databricks adapter: DatabricksDBTConnection(session-id=None, name=model.jayana_dbt_tutorial.bronze_date) - Creating connection
[0m13:43:00.760177 [debug] [Thread-1 (]: Acquiring new databricks connection 'model.jayana_dbt_tutorial.bronze_date'
[0m13:43:00.761140 [debug] [Thread-1 (]: Began compiling node model.jayana_dbt_tutorial.bronze_date
[0m13:43:00.764884 [debug] [Thread-1 (]: Writing injected SQL for node "model.jayana_dbt_tutorial.bronze_date"
[0m13:43:00.765888 [debug] [Thread-1 (]: Began executing node model.jayana_dbt_tutorial.bronze_date
[0m13:43:00.768865 [debug] [Thread-1 (]: MATERIALIZING VIEW
[0m13:43:00.769853 [debug] [Thread-1 (]: Creating view `dbt_tutorial`.`default`.`bronze_date`
[0m13:43:00.769853 [debug] [Thread-1 (]: Writing runtime sql for node "model.jayana_dbt_tutorial.bronze_date"
[0m13:43:00.771463 [debug] [Thread-1 (]: Using databricks connection "model.jayana_dbt_tutorial.bronze_date"
[0m13:43:00.771463 [debug] [Thread-1 (]: On model.jayana_dbt_tutorial.bronze_date: /* {"app": "dbt", "dbt_version": "1.10.13", "dbt_databricks_version": "1.10.14", "databricks_sql_connector_version": "4.0.5", "profile_name": "jayana_dbt_tutorial", "target_name": "dev", "node_id": "model.jayana_dbt_tutorial.bronze_date"} */

  
  
  create or replace view `dbt_tutorial`.`default`.`bronze_date`
  
  as (
    SELECT 
    *
FROM 
    `dbt_tutorial`.`source`.`dim_date`
  )

[0m13:43:00.772609 [debug] [Thread-1 (]: Opening a new connection, currently in state init
[0m13:43:01.461166 [debug] [Thread-1 (]: Databricks adapter: Connection(session-id=01f0b657-2314-17e6-a928-985deec9d5bd) - Created
[0m13:43:02.215445 [debug] [Thread-1 (]: SQL status: OK in 1.440 seconds
[0m13:43:02.216464 [debug] [Thread-1 (]: Databricks adapter: Cursor(session-id=01f0b657-2314-17e6-a928-985deec9d5bd, command-id=01f0b657-2330-1b46-b8ea-f3223bff5987) - Closing
[0m13:43:02.217458 [debug] [Thread-1 (]: Applying tags to relation None
[0m13:43:02.218458 [debug] [Thread-1 (]: On model.jayana_dbt_tutorial.bronze_date: Close
[0m13:43:02.218458 [debug] [Thread-1 (]: Databricks adapter: Connection(session-id=01f0b657-2314-17e6-a928-985deec9d5bd) - Closing
[0m13:43:02.393081 [debug] [Thread-1 (]: Sending event: {'category': 'dbt', 'action': 'run_model', 'label': '061301d2-7ed3-463d-b392-edd6f07b845e', 'context': [<snowplow_tracker.self_describing_json.SelfDescribingJson object at 0x0000021BB407A000>]}
[0m13:43:02.394081 [info ] [Thread-1 (]: 2 of 6 OK created sql view model default.bronze_date ........................... [[32mOK[0m in 1.63s]
[0m13:43:02.395106 [debug] [Thread-1 (]: Finished running node model.jayana_dbt_tutorial.bronze_date
[0m13:43:02.395106 [debug] [Thread-1 (]: Began running node model.jayana_dbt_tutorial.bronze_product
[0m13:43:02.396084 [info ] [Thread-1 (]: 3 of 6 START sql view model default.bronze_product ............................. [RUN]
[0m13:43:02.397082 [debug] [Thread-1 (]: Databricks adapter: DatabricksDBTConnection(session-id=None, name=model.jayana_dbt_tutorial.bronze_product) - Creating connection
[0m13:43:02.397082 [debug] [Thread-1 (]: Acquiring new databricks connection 'model.jayana_dbt_tutorial.bronze_product'
[0m13:43:02.397082 [debug] [Thread-1 (]: Began compiling node model.jayana_dbt_tutorial.bronze_product
[0m13:43:02.401100 [debug] [Thread-1 (]: Writing injected SQL for node "model.jayana_dbt_tutorial.bronze_product"
[0m13:43:02.403486 [debug] [Thread-1 (]: Began executing node model.jayana_dbt_tutorial.bronze_product
[0m13:43:02.405485 [debug] [Thread-1 (]: MATERIALIZING VIEW
[0m13:43:02.406508 [debug] [Thread-1 (]: Creating view `dbt_tutorial`.`default`.`bronze_product`
[0m13:43:02.407485 [debug] [Thread-1 (]: Writing runtime sql for node "model.jayana_dbt_tutorial.bronze_product"
[0m13:43:02.408485 [debug] [Thread-1 (]: Using databricks connection "model.jayana_dbt_tutorial.bronze_product"
[0m13:43:02.409486 [debug] [Thread-1 (]: On model.jayana_dbt_tutorial.bronze_product: /* {"app": "dbt", "dbt_version": "1.10.13", "dbt_databricks_version": "1.10.14", "databricks_sql_connector_version": "4.0.5", "profile_name": "jayana_dbt_tutorial", "target_name": "dev", "node_id": "model.jayana_dbt_tutorial.bronze_product"} */

  
  
  create or replace view `dbt_tutorial`.`default`.`bronze_product`
  
  as (
    SELECT 
    *
FROM 
    `dbt_tutorial`.`source`.`dim_product`
  )

[0m13:43:02.409486 [debug] [Thread-1 (]: Opening a new connection, currently in state init
[0m13:43:16.408913 [debug] [Thread-1 (]: Databricks adapter: Connection(session-id=01f0b657-2c00-1f4c-a45b-be7882898224) - Created
[0m13:43:17.171200 [debug] [Thread-1 (]: SQL status: OK in 14.760 seconds
[0m13:43:17.173279 [debug] [Thread-1 (]: Databricks adapter: Cursor(session-id=01f0b657-2c00-1f4c-a45b-be7882898224, command-id=01f0b657-2c1a-1123-a1fc-0ce49915b904) - Closing
[0m13:43:17.173279 [debug] [Thread-1 (]: Applying tags to relation None
[0m13:43:17.174272 [debug] [Thread-1 (]: On model.jayana_dbt_tutorial.bronze_product: Close
[0m13:43:17.175267 [debug] [Thread-1 (]: Databricks adapter: Connection(session-id=01f0b657-2c00-1f4c-a45b-be7882898224) - Closing
[0m13:43:17.342638 [debug] [Thread-1 (]: Sending event: {'category': 'dbt', 'action': 'run_model', 'label': '061301d2-7ed3-463d-b392-edd6f07b845e', 'context': [<snowplow_tracker.self_describing_json.SelfDescribingJson object at 0x0000021BB40B9A90>]}
[0m13:43:17.343636 [info ] [Thread-1 (]: 3 of 6 OK created sql view model default.bronze_product ........................ [[32mOK[0m in 14.95s]
[0m13:43:17.343636 [debug] [Thread-1 (]: Finished running node model.jayana_dbt_tutorial.bronze_product
[0m13:43:17.345159 [debug] [Thread-1 (]: Began running node model.jayana_dbt_tutorial.bronze_returns
[0m13:43:17.345911 [info ] [Thread-1 (]: 4 of 6 START sql view model default.bronze_returns ............................. [RUN]
[0m13:43:17.345911 [debug] [Thread-1 (]: Databricks adapter: DatabricksDBTConnection(session-id=None, name=model.jayana_dbt_tutorial.bronze_returns) - Creating connection
[0m13:43:17.346934 [debug] [Thread-1 (]: Acquiring new databricks connection 'model.jayana_dbt_tutorial.bronze_returns'
[0m13:43:17.346934 [debug] [Thread-1 (]: Began compiling node model.jayana_dbt_tutorial.bronze_returns
[0m13:43:17.349936 [debug] [Thread-1 (]: Writing injected SQL for node "model.jayana_dbt_tutorial.bronze_returns"
[0m13:43:17.351463 [debug] [Thread-1 (]: Began executing node model.jayana_dbt_tutorial.bronze_returns
[0m13:43:17.353494 [debug] [Thread-1 (]: MATERIALIZING VIEW
[0m13:43:17.355492 [debug] [Thread-1 (]: Creating view `dbt_tutorial`.`default`.`bronze_returns`
[0m13:43:17.356491 [debug] [Thread-1 (]: Writing runtime sql for node "model.jayana_dbt_tutorial.bronze_returns"
[0m13:43:17.358477 [debug] [Thread-1 (]: Using databricks connection "model.jayana_dbt_tutorial.bronze_returns"
[0m13:43:17.358477 [debug] [Thread-1 (]: On model.jayana_dbt_tutorial.bronze_returns: /* {"app": "dbt", "dbt_version": "1.10.13", "dbt_databricks_version": "1.10.14", "databricks_sql_connector_version": "4.0.5", "profile_name": "jayana_dbt_tutorial", "target_name": "dev", "node_id": "model.jayana_dbt_tutorial.bronze_returns"} */

  
  
  create or replace view `dbt_tutorial`.`default`.`bronze_returns`
  
  as (
    SELECT 
    *
FROM 
    `dbt_tutorial`.`source`.`fact_returns`
  )

[0m13:43:17.358477 [debug] [Thread-1 (]: Opening a new connection, currently in state init
[0m13:43:18.058564 [debug] [Thread-1 (]: Databricks adapter: Connection(session-id=01f0b657-2cfd-136d-ac13-3544184635be) - Created
[0m13:43:18.686081 [debug] [Thread-1 (]: SQL status: OK in 1.330 seconds
[0m13:43:18.688080 [debug] [Thread-1 (]: Databricks adapter: Cursor(session-id=01f0b657-2cfd-136d-ac13-3544184635be, command-id=01f0b657-2d15-18ac-8f24-a77f09fb8cf3) - Closing
[0m13:43:18.689080 [debug] [Thread-1 (]: Applying tags to relation None
[0m13:43:18.690080 [debug] [Thread-1 (]: On model.jayana_dbt_tutorial.bronze_returns: Close
[0m13:43:18.691082 [debug] [Thread-1 (]: Databricks adapter: Connection(session-id=01f0b657-2cfd-136d-ac13-3544184635be) - Closing
[0m13:43:18.871150 [debug] [Thread-1 (]: Sending event: {'category': 'dbt', 'action': 'run_model', 'label': '061301d2-7ed3-463d-b392-edd6f07b845e', 'context': [<snowplow_tracker.self_describing_json.SelfDescribingJson object at 0x0000021BB40D7F20>]}
[0m13:43:18.873175 [info ] [Thread-1 (]: 4 of 6 OK created sql view model default.bronze_returns ........................ [[32mOK[0m in 1.53s]
[0m13:43:18.874156 [debug] [Thread-1 (]: Finished running node model.jayana_dbt_tutorial.bronze_returns
[0m13:43:18.874156 [debug] [Thread-1 (]: Began running node model.jayana_dbt_tutorial.bronze_sales
[0m13:43:18.875157 [info ] [Thread-1 (]: 5 of 6 START sql view model default.bronze_sales ............................... [RUN]
[0m13:43:18.876155 [debug] [Thread-1 (]: Databricks adapter: DatabricksDBTConnection(session-id=None, name=model.jayana_dbt_tutorial.bronze_sales) - Creating connection
[0m13:43:18.876155 [debug] [Thread-1 (]: Acquiring new databricks connection 'model.jayana_dbt_tutorial.bronze_sales'
[0m13:43:18.877158 [debug] [Thread-1 (]: Began compiling node model.jayana_dbt_tutorial.bronze_sales
[0m13:43:18.882257 [debug] [Thread-1 (]: Writing injected SQL for node "model.jayana_dbt_tutorial.bronze_sales"
[0m13:43:18.884268 [debug] [Thread-1 (]: Began executing node model.jayana_dbt_tutorial.bronze_sales
[0m13:43:18.891773 [debug] [Thread-1 (]: MATERIALIZING VIEW
[0m13:43:18.893785 [debug] [Thread-1 (]: Creating view `dbt_tutorial`.`default`.`bronze_sales`
[0m13:43:18.894784 [debug] [Thread-1 (]: Writing runtime sql for node "model.jayana_dbt_tutorial.bronze_sales"
[0m13:43:18.896786 [debug] [Thread-1 (]: Using databricks connection "model.jayana_dbt_tutorial.bronze_sales"
[0m13:43:18.897292 [debug] [Thread-1 (]: On model.jayana_dbt_tutorial.bronze_sales: /* {"app": "dbt", "dbt_version": "1.10.13", "dbt_databricks_version": "1.10.14", "databricks_sql_connector_version": "4.0.5", "profile_name": "jayana_dbt_tutorial", "target_name": "dev", "node_id": "model.jayana_dbt_tutorial.bronze_sales"} */

  
  
  create or replace view `dbt_tutorial`.`default`.`bronze_sales`
  
  as (
    SELECT 
    *
FROM 
    `dbt_tutorial`.`source`.`fact_sales`
  )

[0m13:43:18.897292 [debug] [Thread-1 (]: Opening a new connection, currently in state init
[0m13:43:19.593819 [debug] [Thread-1 (]: Databricks adapter: Connection(session-id=01f0b657-2de4-1880-a77e-9768cd5f16be) - Created
[0m13:43:20.223177 [debug] [Thread-1 (]: SQL status: OK in 1.330 seconds
[0m13:43:20.227408 [debug] [Thread-1 (]: Databricks adapter: Cursor(session-id=01f0b657-2de4-1880-a77e-9768cd5f16be, command-id=01f0b657-2dfd-1cf3-bb8a-c2170444fa76) - Closing
[0m13:43:20.229403 [debug] [Thread-1 (]: Applying tags to relation None
[0m13:43:20.230395 [debug] [Thread-1 (]: On model.jayana_dbt_tutorial.bronze_sales: Close
[0m13:43:20.231405 [debug] [Thread-1 (]: Databricks adapter: Connection(session-id=01f0b657-2de4-1880-a77e-9768cd5f16be) - Closing
[0m13:43:20.401072 [debug] [Thread-1 (]: Sending event: {'category': 'dbt', 'action': 'run_model', 'label': '061301d2-7ed3-463d-b392-edd6f07b845e', 'context': [<snowplow_tracker.self_describing_json.SelfDescribingJson object at 0x0000021BB40D7F20>]}
[0m13:43:20.402079 [info ] [Thread-1 (]: 5 of 6 OK created sql view model default.bronze_sales .......................... [[32mOK[0m in 1.52s]
[0m13:43:20.403343 [debug] [Thread-1 (]: Finished running node model.jayana_dbt_tutorial.bronze_sales
[0m13:43:20.403343 [debug] [Thread-1 (]: Began running node model.jayana_dbt_tutorial.bronze_store
[0m13:43:20.404353 [info ] [Thread-1 (]: 6 of 6 START sql view model default.bronze_store ............................... [RUN]
[0m13:43:20.405449 [debug] [Thread-1 (]: Databricks adapter: DatabricksDBTConnection(session-id=None, name=model.jayana_dbt_tutorial.bronze_store) - Creating connection
[0m13:43:20.405449 [debug] [Thread-1 (]: Acquiring new databricks connection 'model.jayana_dbt_tutorial.bronze_store'
[0m13:43:20.405449 [debug] [Thread-1 (]: Began compiling node model.jayana_dbt_tutorial.bronze_store
[0m13:43:20.409446 [debug] [Thread-1 (]: Writing injected SQL for node "model.jayana_dbt_tutorial.bronze_store"
[0m13:43:20.410982 [debug] [Thread-1 (]: Began executing node model.jayana_dbt_tutorial.bronze_store
[0m13:43:20.412554 [debug] [Thread-1 (]: MATERIALIZING VIEW
[0m13:43:20.414511 [debug] [Thread-1 (]: Creating view `dbt_tutorial`.`default`.`bronze_store`
[0m13:43:20.415513 [debug] [Thread-1 (]: Writing runtime sql for node "model.jayana_dbt_tutorial.bronze_store"
[0m13:43:20.417513 [debug] [Thread-1 (]: Using databricks connection "model.jayana_dbt_tutorial.bronze_store"
[0m13:43:20.418511 [debug] [Thread-1 (]: On model.jayana_dbt_tutorial.bronze_store: /* {"app": "dbt", "dbt_version": "1.10.13", "dbt_databricks_version": "1.10.14", "databricks_sql_connector_version": "4.0.5", "profile_name": "jayana_dbt_tutorial", "target_name": "dev", "node_id": "model.jayana_dbt_tutorial.bronze_store"} */

  
  
  create or replace view `dbt_tutorial`.`default`.`bronze_store`
  
  as (
    SELECT 
    *
FROM 
    `dbt_tutorial`.`source`.`dim_store`
  )

[0m13:43:20.418511 [debug] [Thread-1 (]: Opening a new connection, currently in state init
[0m13:43:21.120322 [debug] [Thread-1 (]: Databricks adapter: Connection(session-id=01f0b657-2eca-1840-aa79-194cefe1172e) - Created
[0m13:43:22.257193 [debug] [Thread-1 (]: SQL status: OK in 1.840 seconds
[0m13:43:22.268261 [debug] [Thread-1 (]: Databricks adapter: Cursor(session-id=01f0b657-2eca-1840-aa79-194cefe1172e, command-id=01f0b657-2f35-1c03-810b-ffa28e431a59) - Closing
[0m13:43:22.275933 [debug] [Thread-1 (]: Applying tags to relation None
[0m13:43:22.281789 [debug] [Thread-1 (]: On model.jayana_dbt_tutorial.bronze_store: Close
[0m13:43:22.283480 [debug] [Thread-1 (]: Databricks adapter: Connection(session-id=01f0b657-2eca-1840-aa79-194cefe1172e) - Closing
[0m13:43:22.468209 [debug] [Thread-1 (]: Sending event: {'category': 'dbt', 'action': 'run_model', 'label': '061301d2-7ed3-463d-b392-edd6f07b845e', 'context': [<snowplow_tracker.self_describing_json.SelfDescribingJson object at 0x0000021BB2DD9520>]}
[0m13:43:22.471208 [info ] [Thread-1 (]: 6 of 6 OK created sql view model default.bronze_store .......................... [[32mOK[0m in 2.06s]
[0m13:43:22.475742 [debug] [Thread-1 (]: Finished running node model.jayana_dbt_tutorial.bronze_store
[0m13:43:22.479770 [debug] [MainThread]: Databricks adapter: DatabricksDBTConnection(session-id=None, name=master) - Creating connection
[0m13:43:22.481378 [debug] [MainThread]: Acquiring new databricks connection 'master'
[0m13:43:22.482499 [info ] [MainThread]: 
[0m13:43:22.483486 [info ] [MainThread]: Finished running 6 view models in 0 hours 0 minutes and 50.66 seconds (50.66s).
[0m13:43:22.488784 [debug] [MainThread]: Command end result
[0m13:43:22.566693 [debug] [MainThread]: Wrote artifact WritableManifest to C:\DBT\jayana_dbt_tutorial\target\manifest.json
[0m13:43:22.571402 [debug] [MainThread]: Wrote artifact SemanticManifest to C:\DBT\jayana_dbt_tutorial\target\semantic_manifest.json
[0m13:43:22.582668 [debug] [MainThread]: Wrote artifact RunExecutionResult to C:\DBT\jayana_dbt_tutorial\target\run_results.json
[0m13:43:22.583665 [info ] [MainThread]: 
[0m13:43:22.584664 [info ] [MainThread]: [32mCompleted successfully[0m
[0m13:43:22.584664 [info ] [MainThread]: 
[0m13:43:22.585665 [info ] [MainThread]: Done. PASS=6 WARN=0 ERROR=0 SKIP=0 NO-OP=0 TOTAL=6
[0m13:43:22.586665 [debug] [MainThread]: Command `dbt run` succeeded at 13:43:22.586665 after 53.73 seconds
[0m13:43:22.587664 [debug] [MainThread]: Sending event: {'category': 'dbt', 'action': 'invocation', 'label': 'end', 'context': [<snowplow_tracker.self_describing_json.SelfDescribingJson object at 0x0000021B908F2F30>, <snowplow_tracker.self_describing_json.SelfDescribingJson object at 0x0000021BB26D8A40>, <snowplow_tracker.self_describing_json.SelfDescribingJson object at 0x0000021BB4100B00>]}
[0m13:43:22.587664 [debug] [MainThread]: Flushing usage events
[0m13:43:23.883683 [debug] [MainThread]: An error was encountered while trying to flush usage events
[0m13:56:20.690310 [debug] [MainThread]: Sending event: {'category': 'dbt', 'action': 'invocation', 'label': 'start', 'context': [<snowplow_tracker.self_describing_json.SelfDescribingJson object at 0x00000202964BFEF0>, <snowplow_tracker.self_describing_json.SelfDescribingJson object at 0x000002029620BD70>, <snowplow_tracker.self_describing_json.SelfDescribingJson object at 0x0000020296208980>]}


============================== 13:56:20.704845 | d116bf44-e846-468c-8b2a-94e57e4fe6d7 ==============================
[0m13:56:20.704845 [info ] [MainThread]: Running with dbt=1.10.13
[0m13:56:20.708580 [debug] [MainThread]: running dbt with arguments {'log_format': 'default', 'no_print': 'None', 'invocation_command': 'dbt clean', 'target_path': 'None', 'printer_width': '80', 'warn_error': 'None', 'static_parser': 'True', 'fail_fast': 'False', 'log_path': 'C:\\DBT\\jayana_dbt_tutorial\\logs', 'send_anonymous_usage_stats': 'True', 'indirect_selection': 'eager', 'warn_error_options': 'WarnErrorOptionsV2(error=[], warn=[], silence=[])', 'partial_parse': 'True', 'version_check': 'True', 'use_experimental_parser': 'False', 'introspect': 'True', 'quiet': 'False', 'empty': 'None', 'log_cache_events': 'False', 'debug': 'False', 'profiles_dir': 'C:\\DBT\\jayana_dbt_tutorial', 'use_colors': 'True', 'cache_selected_only': 'False', 'write_json': 'True'}
[0m13:56:20.847864 [debug] [MainThread]: Sending event: {'category': 'dbt', 'action': 'project_id', 'label': 'd116bf44-e846-468c-8b2a-94e57e4fe6d7', 'context': [<snowplow_tracker.self_describing_json.SelfDescribingJson object at 0x0000020296BEF530>]}
[0m13:56:20.957898 [debug] [MainThread]: Command `dbt clean` succeeded at 13:56:20.957898 after 0.52 seconds
[0m13:56:20.958880 [debug] [MainThread]: Sending event: {'category': 'dbt', 'action': 'invocation', 'label': 'end', 'context': [<snowplow_tracker.self_describing_json.SelfDescribingJson object at 0x000002029635FC80>, <snowplow_tracker.self_describing_json.SelfDescribingJson object at 0x0000020291AED490>, <snowplow_tracker.self_describing_json.SelfDescribingJson object at 0x0000020296CB9EE0>]}
[0m13:56:20.958880 [debug] [MainThread]: Flushing usage events
[0m13:56:21.959223 [debug] [MainThread]: An error was encountered while trying to flush usage events
